{"numTotalTestSuites":6,"numPassedTestSuites":6,"numFailedTestSuites":0,"numPendingTestSuites":0,"numTotalTests":6,"numPassedTests":6,"numFailedTests":0,"numPendingTests":0,"numTodoTests":0,"startTime":1781815410388,"success":true,"testResults":[{"assertionResults":[{"ancestorTitles":["","i18n configuration"],"fullName":" i18n configuration loads Spanish and English translation resources","status":"passed","title":"loads Spanish and English translation resources","duration":4,"failureMessages":[]}],"startTime":1781815414731,"endTime":1781815414735,"status":"passed","message":"","name":"/media/diego/Datos/Documentos/Develop/music-study-tracker/project-refactor/frontend/src/i18n.spec.ts"},{"assertionResults":[{"ancestorTitles":["","AuthProvider"],"fullName":" AuthProvider loads token from localStorage and exposes decoded claims","status":"passed","title":"loads token from localStorage and exposes decoded claims","duration":93,"failureMessages":[]},{"ancestorTitles":["","AuthProvider"],"fullName":" AuthProvider removes expired tokens during initialization","status":"passed","title":"removes expired tokens during initialization","duration":53,"failureMessages":[]},{"ancestorTitles":["","AuthProvider"],"fullName":" AuthProvider supports login and logout actions","status":"passed","title":"supports login and logout actions","duration":228,"failureMessages":[]}],"startTime":1781815415501,"endTime":1781815415876,"status":"passed","message":"","name":"/media/diego/Datos/Documentos/Develop/music-study-tracker/project-refactor/frontend/src/context/auth.context.spec.tsx"},{"assertionResults":[{"ancestorTitles":["","BackButton"],"fullName":" BackButton navigates to /closed-years from a closed-year detail page","status":"passed","title":"navigates to /closed-years from a closed-year detail page","duration":337,"failureMessages":[]},{"ancestorTitles":["","BackButton"],"fullName":" BackButton navigates to /topics from a topic detail page","status":"passed","title":"navigates to /topics from a topic detail page","duration":75,"failureMessages":[]}],"startTime":1781815415536,"endTime":1781815415948,"status":"passed","message":"","name":"/media/diego/Datos/Documentos/Develop/music-study-tracker/project-refactor/frontend/src/components/ui/BackButton/BackButton.spec.tsx"}]}